[2026-01-01T22:55:31+07:00] Error reading from Kafka: fetching message: multiple Read calls return no data or error
[2026-01-01T23:07:15+07:00] Error reading from Kafka: fetching message: read tcp [::1]:32972->[::1]:9092: i/o timeout
[2026-01-01T23:09:34+07:00] [Worker 2] Error producing to Kafka: context deadline exceeded
[2026-01-01T23:09:42+07:00] [Worker 9] Error producing to Kafka: context deadline exceeded
[2026-01-01T23:09:47+07:00] [Worker 6] Error producing to Kafka: context deadline exceeded
[2026-01-01T23:10:32+07:00] [Worker 7] Error producing to Kafka: context deadline exceeded
[2026-01-01T23:10:34+07:00] [Worker 5] Error producing to Kafka: unexpected EOF
[2026-01-01T23:10:46+07:00] [Worker 8] Error producing to Kafka: unexpected EOF
[2026-01-01T23:10:57+07:00] [Worker 0] Error producing to Kafka: unexpected EOF
[2026-01-01T23:11:15+07:00] [Worker 4] Error producing to Kafka: unexpected EOF
[2026-01-05T23:54:59+07:00] Error reading from Kafka: fetching message: multiple Read calls return no data or error
[2026-01-05T23:58:26+07:00] [Worker 9] Error producing to Kafka: context deadline exceeded
[2026-01-05T23:58:30+07:00] [Worker 6] Error producing to Kafka: context deadline exceeded
[2026-01-06T00:02:26+07:00] Error reading from Kafka: fetching message: multiple Read calls return no data or error
[2026-01-06T00:11:44+07:00] Error reading from Kafka: fetching message: multiple Read calls return no data or error
[2026-01-06T00:11:56+07:00] Error reading from Kafka: fetching message: multiple Read calls return no data or error
[2026-01-06T00:12:08+07:00] Error reading from Kafka: fetching message: multiple Read calls return no data or error
[2026-01-06T00:12:20+07:00] Error reading from Kafka: fetching message: multiple Read calls return no data or error
[2026-01-06T00:12:46+07:00] Error reading from Kafka: fetching message: multiple Read calls return no data or error
[2026-01-06T00:12:58+07:00] Error reading from Kafka: fetching message: multiple Read calls return no data or error
[2026-01-06T00:13:10+07:00] Error reading from Kafka: fetching message: multiple Read calls return no data or error
[2026-01-06T00:13:22+07:00] Error reading from Kafka: fetching message: multiple Read calls return no data or error
[2026-01-06T00:13:34+07:00] Error reading from Kafka: fetching message: multiple Read calls return no data or error
[2026-01-06T00:13:46+07:00] Error reading from Kafka: fetching message: multiple Read calls return no data or error
[2026-01-06T00:13:59+07:00] Error reading from Kafka: fetching message: multiple Read calls return no data or error
[2026-01-06T00:14:11+07:00] Error reading from Kafka: fetching message: multiple Read calls return no data or error
[2026-01-06T00:14:23+07:00] Error reading from Kafka: fetching message: multiple Read calls return no data or error
[2026-01-06T00:14:26+07:00] [Worker 2] Error producing to Kafka: context deadline exceeded
[2026-01-06T00:14:34+07:00] [Worker 0] Error producing to Kafka: context deadline exceeded
[2026-01-06T00:14:35+07:00] Error reading from Kafka: fetching message: multiple Read calls return no data or error
[2026-01-06T00:14:42+07:00] [Worker 9] Error producing to Kafka: context deadline exceeded
[2026-01-06T00:14:47+07:00] Error reading from Kafka: fetching message: multiple Read calls return no data or error
[2026-01-06T00:14:59+07:00] Error reading from Kafka: fetching message: multiple Read calls return no data or error
[2026-01-06T00:15:11+07:00] Error reading from Kafka: fetching message: multiple Read calls return no data or error
[2026-01-06T00:15:23+07:00] Error reading from Kafka: fetching message: multiple Read calls return no data or error
[2026-01-06T00:15:35+07:00] Error reading from Kafka: fetching message: multiple Read calls return no data or error
[2026-01-06T00:29:51+07:00] Error reading from Kafka: fetching message: multiple Read calls return no data or error
[2026-01-06T00:30:03+07:00] Error reading from Kafka: fetching message: multiple Read calls return no data or error
[2026-01-06T00:30:15+07:00] Error reading from Kafka: fetching message: multiple Read calls return no data or error
[2026-01-06T00:30:25+07:00] [Worker 9] Error producing to Kafka: context deadline exceeded
[2026-01-06T00:30:27+07:00] Error reading from Kafka: fetching message: multiple Read calls return no data or error
[2026-01-06T00:30:33+07:00] [Worker 4] Error producing to Kafka: context deadline exceeded
[2026-01-06T00:30:39+07:00] Error reading from Kafka: fetching message: multiple Read calls return no data or error
[2026-01-06T00:30:51+07:00] Error reading from Kafka: fetching message: multiple Read calls return no data or error
[2026-01-06T00:31:03+07:00] Error reading from Kafka: fetching message: multiple Read calls return no data or error
[2026-01-06T00:31:15+07:00] Error reading from Kafka: fetching message: multiple Read calls return no data or error
[2026-01-06T00:31:27+07:00] Error reading from Kafka: fetching message: multiple Read calls return no data or error
[2026-01-06T00:31:39+07:00] Error reading from Kafka: fetching message: multiple Read calls return no data or error
[2026-01-06T00:31:51+07:00] Error reading from Kafka: fetching message: multiple Read calls return no data or error
[2026-01-06T00:32:03+07:00] Error reading from Kafka: fetching message: multiple Read calls return no data or error
[2026-01-06T00:32:15+07:00] Error reading from Kafka: fetching message: multiple Read calls return no data or error
[2026-01-06T00:32:27+07:00] Error reading from Kafka: fetching message: multiple Read calls return no data or error
[2026-01-06T00:32:39+07:00] Error reading from Kafka: fetching message: multiple Read calls return no data or error
[2026-01-06T00:37:25+07:00] Error reading from Kafka: fetching message: multiple Read calls return no data or error
[2026-01-06T00:37:37+07:00] Error reading from Kafka: fetching message: multiple Read calls return no data or error
[2026-01-06T00:37:49+07:00] Error reading from Kafka: fetching message: multiple Read calls return no data or error
[2026-01-06T00:57:33+07:00] Error reading from Kafka: fetching message: multiple Read calls return no data or error
[2026-01-06T00:57:45+07:00] Error reading from Kafka: fetching message: multiple Read calls return no data or error
[2026-01-06T00:57:57+07:00] Error reading from Kafka: fetching message: multiple Read calls return no data or error
[2026-01-06T00:58:09+07:00] Error reading from Kafka: fetching message: multiple Read calls return no data or error
[2026-01-06T00:58:21+07:00] Error reading from Kafka: fetching message: multiple Read calls return no data or error
[2026-01-06T00:58:33+07:00] Error reading from Kafka: fetching message: multiple Read calls return no data or error
[2026-01-06T00:58:45+07:00] Error reading from Kafka: fetching message: multiple Read calls return no data or error
[2026-01-06T00:58:57+07:00] Error reading from Kafka: fetching message: multiple Read calls return no data or error
[2026-01-06T00:59:09+07:00] Error reading from Kafka: fetching message: multiple Read calls return no data or error
[2026-01-06T00:59:21+07:00] Error reading from Kafka: fetching message: multiple Read calls return no data or error
[2026-01-06T00:59:33+07:00] Error reading from Kafka: fetching message: multiple Read calls return no data or error
[2026-01-06T00:59:45+07:00] Error reading from Kafka: fetching message: multiple Read calls return no data or error
[2026-01-06T00:59:57+07:00] Error reading from Kafka: fetching message: multiple Read calls return no data or error
[2026-01-06T01:00:09+07:00] Error reading from Kafka: fetching message: multiple Read calls return no data or error
[2026-01-06T01:00:24+07:00] Error reading from Kafka: fetching message: multiple Read calls return no data or error
[2026-01-06T01:00:37+07:00] Error reading from Kafka: fetching message: multiple Read calls return no data or error
[2026-01-06T01:00:51+07:00] Error reading from Kafka: fetching message: multiple Read calls return no data or error
[2026-01-06T01:01:03+07:00] Error reading from Kafka: fetching message: multiple Read calls return no data or error
[2026-01-06T01:01:15+07:00] Error reading from Kafka: fetching message: multiple Read calls return no data or error
[2026-01-06T01:01:27+07:00] Error reading from Kafka: fetching message: multiple Read calls return no data or error
[2026-01-06T01:01:39+07:00] Error reading from Kafka: fetching message: multiple Read calls return no data or error
[2026-01-06T01:01:51+07:00] Error reading from Kafka: fetching message: multiple Read calls return no data or error
[2026-01-06T01:02:03+07:00] Error reading from Kafka: fetching message: multiple Read calls return no data or error
[2026-01-06T01:02:15+07:00] Error reading from Kafka: fetching message: multiple Read calls return no data or error
[2026-01-06T01:02:27+07:00] Error reading from Kafka: fetching message: multiple Read calls return no data or error
[2026-01-06T01:02:39+07:00] Error reading from Kafka: fetching message: multiple Read calls return no data or error
[2026-01-06T01:02:51+07:00] Error reading from Kafka: fetching message: multiple Read calls return no data or error
[2026-01-06T01:03:03+07:00] Error reading from Kafka: fetching message: multiple Read calls return no data or error
[2026-01-06T01:03:15+07:00] Error reading from Kafka: fetching message: multiple Read calls return no data or error
[2026-01-06T01:03:27+07:00] Error reading from Kafka: fetching message: multiple Read calls return no data or error
[2026-01-06T01:03:39+07:00] Error reading from Kafka: fetching message: multiple Read calls return no data or error
[2026-01-06T01:03:51+07:00] Error reading from Kafka: fetching message: multiple Read calls return no data or error
[2026-01-06T01:04:03+07:00] Error reading from Kafka: fetching message: multiple Read calls return no data or error
[2026-01-06T01:04:15+07:00] Error reading from Kafka: fetching message: multiple Read calls return no data or error
[2026-01-06T01:04:27+07:00] Error reading from Kafka: fetching message: multiple Read calls return no data or error
[2026-01-06T01:04:40+07:00] Error reading from Kafka: fetching message: multiple Read calls return no data or error
[2026-01-06T01:04:52+07:00] Error reading from Kafka: fetching message: multiple Read calls return no data or error
[2026-01-06T01:05:04+07:00] Error reading from Kafka: fetching message: multiple Read calls return no data or error
[2026-01-06T01:05:16+07:00] Error reading from Kafka: fetching message: multiple Read calls return no data or error
[2026-01-06T01:05:28+07:00] Error reading from Kafka: fetching message: multiple Read calls return no data or error
[2026-01-06T01:05:40+07:00] Error reading from Kafka: fetching message: multiple Read calls return no data or error
[2026-01-06T01:05:52+07:00] Error reading from Kafka: fetching message: multiple Read calls return no data or error
[2026-01-06T01:06:05+07:00] Error reading from Kafka: fetching message: multiple Read calls return no data or error
[2026-01-06T01:06:18+07:00] Error reading from Kafka: fetching message: multiple Read calls return no data or error
[2026-01-06T01:06:30+07:00] Error reading from Kafka: fetching message: multiple Read calls return no data or error
[2026-01-06T01:06:43+07:00] Error reading from Kafka: fetching message: multiple Read calls return no data or error
[2026-01-06T01:07:02+07:00] Error reading from Kafka: fetching message: multiple Read calls return no data or error
[2026-01-06T01:07:14+07:00] Error reading from Kafka: fetching message: multiple Read calls return no data or error
[2026-01-06T01:07:26+07:00] Error reading from Kafka: fetching message: multiple Read calls return no data or error
[2026-01-06T01:07:38+07:00] Error reading from Kafka: fetching message: multiple Read calls return no data or error
[2026-01-06T01:07:50+07:00] Error reading from Kafka: fetching message: multiple Read calls return no data or error
[2026-01-06T01:08:03+07:00] Error reading from Kafka: fetching message: multiple Read calls return no data or error
[2026-01-06T01:08:17+07:00] Error reading from Kafka: fetching message: multiple Read calls return no data or error
[2026-01-06T01:08:29+07:00] Error reading from Kafka: fetching message: multiple Read calls return no data or error
[2026-01-06T01:08:42+07:00] Error reading from Kafka: fetching message: multiple Read calls return no data or error
[2026-01-06T01:09:13+07:00] Error reading from Kafka: fetching message: multiple Read calls return no data or error
[2026-01-06T01:09:25+07:00] Error reading from Kafka: fetching message: multiple Read calls return no data or error
[2026-01-06T01:09:37+07:00] Error reading from Kafka: fetching message: multiple Read calls return no data or error
[2026-01-06T01:09:49+07:00] Error reading from Kafka: fetching message: multiple Read calls return no data or error
[2026-01-06T01:10:01+07:00] Error reading from Kafka: fetching message: multiple Read calls return no data or error
[2026-01-06T01:10:13+07:00] Error reading from Kafka: fetching message: multiple Read calls return no data or error
[2026-01-06T01:10:25+07:00] Error reading from Kafka: fetching message: multiple Read calls return no data or error
[2026-01-06T01:10:37+07:00] Error reading from Kafka: fetching message: multiple Read calls return no data or error
[2026-01-06T01:10:49+07:00] Error reading from Kafka: fetching message: multiple Read calls return no data or error
[2026-01-06T01:11:01+07:00] Error reading from Kafka: fetching message: multiple Read calls return no data or error
[2026-01-06T01:11:13+07:00] Error reading from Kafka: fetching message: multiple Read calls return no data or error
[2026-01-06T01:11:26+07:00] Error reading from Kafka: fetching message: multiple Read calls return no data or error
[2026-01-06T01:11:38+07:00] Error reading from Kafka: fetching message: multiple Read calls return no data or error
[2026-01-06T01:11:50+07:00] Error reading from Kafka: fetching message: multiple Read calls return no data or error
[2026-01-06T01:12:02+07:00] Error reading from Kafka: fetching message: multiple Read calls return no data or error
[2026-01-06T01:12:14+07:00] Error reading from Kafka: fetching message: multiple Read calls return no data or error
[2026-01-06T01:12:26+07:00] Error reading from Kafka: fetching message: multiple Read calls return no data or error
[2026-01-06T01:12:38+07:00] Error reading from Kafka: fetching message: multiple Read calls return no data or error
[2026-01-06T01:12:50+07:00] Error reading from Kafka: fetching message: multiple Read calls return no data or error
[2026-01-06T01:13:02+07:00] Error reading from Kafka: fetching message: multiple Read calls return no data or error
[2026-01-06T01:13:14+07:00] Error reading from Kafka: fetching message: multiple Read calls return no data or error
[2026-01-06T01:13:26+07:00] Error reading from Kafka: fetching message: multiple Read calls return no data or error
[2026-01-06T01:13:38+07:00] Error reading from Kafka: fetching message: multiple Read calls return no data or error
[2026-01-06T01:13:50+07:00] Error reading from Kafka: fetching message: multiple Read calls return no data or error
[2026-01-06T01:14:02+07:00] Error reading from Kafka: fetching message: multiple Read calls return no data or error
[2026-01-06T01:14:14+07:00] Error reading from Kafka: fetching message: multiple Read calls return no data or error
[2026-01-06T01:14:26+07:00] Error reading from Kafka: fetching message: multiple Read calls return no data or error
[2026-01-06T01:14:38+07:00] Error reading from Kafka: fetching message: multiple Read calls return no data or error
[2026-01-06T01:14:50+07:00] Error reading from Kafka: fetching message: multiple Read calls return no data or error
[2026-01-06T01:15:02+07:00] Error reading from Kafka: fetching message: multiple Read calls return no data or error
[2026-01-06T01:15:14+07:00] Error reading from Kafka: fetching message: multiple Read calls return no data or error
[2026-01-06T01:15:26+07:00] Error reading from Kafka: fetching message: multiple Read calls return no data or error
[2026-01-06T01:15:38+07:00] Error reading from Kafka: fetching message: multiple Read calls return no data or error
[2026-01-06T01:15:50+07:00] Error reading from Kafka: fetching message: multiple Read calls return no data or error
[2026-01-06T01:16:02+07:00] Error reading from Kafka: fetching message: multiple Read calls return no data or error
[2026-01-06T01:16:14+07:00] Error reading from Kafka: fetching message: multiple Read calls return no data or error
[2026-01-07T01:06:26+07:00] Error reading from Kafka: fetching message: multiple Read calls return no data or error
[2026-01-07T01:06:38+07:00] Error reading from Kafka: fetching message: multiple Read calls return no data or error
[2026-01-07T01:06:50+07:00] Error reading from Kafka: fetching message: multiple Read calls return no data or error
[2026-01-07T01:07:02+07:00] Error reading from Kafka: fetching message: multiple Read calls return no data or error
[2026-01-07T01:07:14+07:00] Error reading from Kafka: fetching message: multiple Read calls return no data or error
[2026-01-07T01:07:26+07:00] Error reading from Kafka: fetching message: multiple Read calls return no data or error
[2026-01-07T01:07:38+07:00] Error reading from Kafka: fetching message: multiple Read calls return no data or error
[2026-01-07T01:07:50+07:00] Error reading from Kafka: fetching message: multiple Read calls return no data or error
[2026-01-07T01:08:02+07:00] Error reading from Kafka: fetching message: multiple Read calls return no data or error
[2026-01-07T01:08:05+07:00] [Worker 9] Error producing to Kafka: context deadline exceeded
[2026-01-07T01:08:10+07:00] [Worker 0] Error producing to Kafka: context deadline exceeded
[2026-01-07T01:08:14+07:00] Error reading from Kafka: fetching message: multiple Read calls return no data or error
[2026-01-07T01:08:16+07:00] [Worker 3] Error producing to Kafka: context deadline exceeded
[2026-01-07T01:08:17+07:00] [Worker 1] Error producing to Kafka: context deadline exceeded
[2026-01-07T01:08:18+07:00] [Worker 2] Error producing to Kafka: context deadline exceeded
[2026-01-07T01:08:20+07:00] [Worker 4] Error producing to Kafka: context deadline exceeded
[2026-01-07T01:08:21+07:00] [Worker 5] Error producing to Kafka: context deadline exceeded
[2026-01-07T01:08:22+07:00] [Worker 7] Error producing to Kafka: context deadline exceeded
[2026-01-07T01:08:23+07:00] [Worker 8] Error producing to Kafka: context deadline exceeded
[2026-01-07T01:08:24+07:00] [Worker 6] Error producing to Kafka: context deadline exceeded
[2026-01-07T01:08:26+07:00] Error reading from Kafka: fetching message: multiple Read calls return no data or error
[2026-01-07T01:08:26+07:00] [Worker 9] Error producing to Kafka: context deadline exceeded
[2026-01-07T01:08:27+07:00] [Worker 0] Error producing to Kafka: context deadline exceeded
[2026-01-07T01:08:28+07:00] [Worker 3] Error producing to Kafka: context deadline exceeded
[2026-01-07T01:08:38+07:00] Error reading from Kafka: fetching message: multiple Read calls return no data or error
[2026-01-07T01:08:50+07:00] Error reading from Kafka: fetching message: multiple Read calls return no data or error
[2026-01-07T01:09:02+07:00] Error reading from Kafka: fetching message: multiple Read calls return no data or error
[2026-01-07T01:09:14+07:00] Error reading from Kafka: fetching message: multiple Read calls return no data or error
[2026-01-07T01:09:26+07:00] Error reading from Kafka: fetching message: multiple Read calls return no data or error
[2026-01-07T01:09:43+07:00] Error reading from Kafka: fetching message: multiple Read calls return no data or error
[2026-01-07T01:09:55+07:00] Error reading from Kafka: fetching message: multiple Read calls return no data or error
[2026-01-07T01:10:07+07:00] Error reading from Kafka: fetching message: multiple Read calls return no data or error
[2026-01-07T01:10:19+07:00] Error reading from Kafka: fetching message: multiple Read calls return no data or error
[2026-01-07T01:10:31+07:00] Error reading from Kafka: fetching message: multiple Read calls return no data or error
[2026-01-07T01:25:47+07:00] Error reading from Kafka (attempt 1/5): fetching message: multiple Read calls return no data or error
[2026-01-07T01:26:02+07:00] Error reading from Kafka (attempt 2/5): fetching message: multiple Read calls return no data or error
[2026-01-07T01:26:18+07:00] Error reading from Kafka (attempt 3/5): fetching message: multiple Read calls return no data or error
[2026-01-07T01:26:23+07:00] [Worker 3] Error producing to Kafka for room 1: context deadline exceeded
[2026-01-07T01:26:28+07:00] [Worker 0] Error producing to Kafka for room 1: context deadline exceeded
[2026-01-07T01:26:32+07:00] Error reading from Kafka (attempt 4/5): fetching message: multiple Read calls return no data or error
[2026-01-07T01:26:47+07:00] Error reading from Kafka (attempt 5/5): fetching message: multiple Read calls return no data or error
[2026-01-07T01:27:02+07:00] Error reading from Kafka (attempt 1/5): fetching message: multiple Read calls return no data or error
[2026-01-07T01:27:17+07:00] Error reading from Kafka (attempt 2/5): fetching message: multiple Read calls return no data or error
[2026-01-07T01:27:32+07:00] Error reading from Kafka (attempt 3/5): fetching message: multiple Read calls return no data or error
[2026-01-07T01:27:47+07:00] Error reading from Kafka (attempt 4/5): fetching message: multiple Read calls return no data or error
[2026-01-07T01:28:03+07:00] Error reading from Kafka (attempt 5/5): fetching message: multiple Read calls return no data or error
[2026-01-07T01:29:21+07:00] Error reading from Kafka (attempt 1/5): fetching message: multiple Read calls return no data or error
[2026-01-07T01:29:36+07:00] Error reading from Kafka (attempt 2/5): fetching message: multiple Read calls return no data or error
[2026-01-07T01:29:51+07:00] Error reading from Kafka (attempt 3/5): fetching message: multiple Read calls return no data or error
[2026-01-07T01:30:06+07:00] Error reading from Kafka (attempt 4/5): fetching message: multiple Read calls return no data or error
[2026-01-07T01:30:21+07:00] Error reading from Kafka (attempt 5/5): fetching message: multiple Read calls return no data or error
[2026-01-07T01:30:36+07:00] Error reading from Kafka (attempt 1/5): fetching message: multiple Read calls return no data or error
[2026-01-07T01:50:08+07:00] [Worker 3] Error producing to Kafka: context deadline exceeded (took 15.000554019s)
[2026-01-07T01:50:14+07:00] [Worker 0] Error producing to Kafka: context deadline exceeded (took 15.002545965s)
[2026-01-07T02:00:01+07:00] [Worker 9] Error producing to Kafka: context deadline exceeded (took 15.001064398s)
[2026-01-07T02:00:04+07:00] [Worker 7] Error producing to Kafka: context deadline exceeded (took 15.001395503s)
[2026-01-07T02:00:06+07:00] [Worker 6] Error producing to Kafka: context deadline exceeded (took 15.001563979s)
[2026-01-07T02:00:15+07:00] [Worker 8] Error producing to Kafka: context deadline exceeded (took 15.001227147s)
[2026-01-07T02:06:11+07:00] Error reading from Kafka (attempt 1/5): fetching message: multiple Read calls return no data or error
[2026-01-07T02:06:26+07:00] Error reading from Kafka (attempt 2/5): fetching message: multiple Read calls return no data or error
[2026-01-07T02:06:41+07:00] Error reading from Kafka (attempt 3/5): fetching message: multiple Read calls return no data or error
[2026-01-07T02:06:55+07:00] [Worker 3] Error producing to Kafka: context deadline exceeded (took 15.000163907s)
[2026-01-07T02:06:56+07:00] Error reading from Kafka (attempt 4/5): fetching message: multiple Read calls return no data or error
[2026-01-07T02:07:11+07:00] Error reading from Kafka (attempt 5/5): fetching message: multiple Read calls return no data or error
[2026-01-07T02:07:12+07:00] [Worker 0] Error producing to Kafka: context deadline exceeded (took 15.00099166s)
[2026-01-07T02:07:26+07:00] Error reading from Kafka (attempt 1/5): fetching message: multiple Read calls return no data or error
[2026-01-07T02:07:41+07:00] Error reading from Kafka (attempt 2/5): fetching message: multiple Read calls return no data or error
[2026-01-07T02:07:58+07:00] Error reading from Kafka (attempt 3/5): fetching message: multiple Read calls return no data or error
[2026-01-07T02:08:13+07:00] Error reading from Kafka (attempt 4/5): fetching message: multiple Read calls return no data or error
[2026-01-07T02:08:29+07:00] Error reading from Kafka (attempt 5/5): fetching message: multiple Read calls return no data or error
[2026-01-07T02:08:44+07:00] Error reading from Kafka (attempt 1/5): fetching message: multiple Read calls return no data or error
[2026-01-07T02:09:04+07:00] Error reading from Kafka (attempt 2/5): fetching message: multiple Read calls return no data or error
